{"D:\\My Classes\\6. Node (Expres, Hono)\\Express\\8.unit-testing\\src\\index.ts": {"path":"D:\\My Classes\\6. Node (Expres, Hono)\\Express\\8.unit-testing\\src\\index.ts","statementMap":{"0":{"start":{"line":1,"column":0},"end":{"line":1,"column":29}},"1":{"start":{"line":3,"column":0},"end":{"line":3,"column":38}},"2":{"start":{"line":4,"column":0},"end":{"line":4,"column":46}},"3":{"start":{"line":5,"column":0},"end":{"line":5,"column":28}},"4":{"start":{"line":6,"column":0},"end":{"line":6,"column":46}},"5":{"start":{"line":9,"column":12},"end":{"line":9,"column":21}},"6":{"start":{"line":12,"column":0},"end":{"line":12,"column":16}},"7":{"start":{"line":15,"column":0},"end":{"line":15,"column":24}},"8":{"start":{"line":18,"column":0},"end":{"line":20,"column":3}},"9":{"start":{"line":19,"column":4},"end":{"line":19,"column":49}},"10":{"start":{"line":23,"column":0},"end":{"line":23,"column":16}},"11":{"start":{"line":24,"column":0},"end":{"line":24,"column":16}},"12":{"start":{"line":28,"column":13},"end":{"line":28,"column":37}},"13":{"start":{"line":31,"column":0},"end":{"line":33,"column":null}},"14":{"start":{"line":32,"column":4},"end":{"line":32,"column":71}},"15":{"start":{"line":36,"column":0},"end":{"line":38,"column":75}},"16":{"start":{"line":37,"column":16},"end":{"line":37,"column":49}},"17":{"start":{"line":38,"column":25},"end":{"line":38,"column":73}}},"fnMap":{"0":{"name":"(anonymous_1)","decl":{"start":{"line":18,"column":13},"end":{"line":18,"column":14}},"loc":{"start":{"line":18,"column":24},"end":{"line":20,"column":1}}},"1":{"name":"(anonymous_2)","decl":{"start":{"line":31,"column":17},"end":{"line":31,"column":20}},"loc":{"start":{"line":31,"column":22},"end":{"line":33,"column":1}}},"2":{"name":"(anonymous_3)","decl":{"start":{"line":37,"column":10},"end":{"line":37,"column":13}},"loc":{"start":{"line":37,"column":16},"end":{"line":37,"column":49}}},"3":{"name":"(anonymous_4)","decl":{"start":{"line":38,"column":11},"end":{"line":38,"column":12}},"loc":{"start":{"line":38,"column":25},"end":{"line":38,"column":73}}}},"branchMap":{"0":{"loc":{"start":{"line":28,"column":13},"end":{"line":28,"column":37}},"type":"binary-expr","locations":[{"start":{"line":28,"column":13},"end":{"line":28,"column":29}},{"start":{"line":28,"column":33},"end":{"line":28,"column":37}}]}},"s":{"0":0,"1":0,"2":0,"3":0,"4":0,"5":0,"6":0,"7":0,"8":0,"9":0,"10":0,"11":0,"12":0,"13":0,"14":0,"15":0,"16":0,"17":0},"f":{"0":0,"1":0,"2":0,"3":0},"b":{"0":[0,0]}}
,"D:\\My Classes\\6. Node (Expres, Hono)\\Express\\8.unit-testing\\src\\product.ts": {"path":"D:\\My Classes\\6. Node (Expres, Hono)\\Express\\8.unit-testing\\src\\product.ts","statementMap":{"0":{"start":{"line":1,"column":0},"end":{"line":1,"column":16}},"1":{"start":{"line":2,"column":4},"end":{"line":2,"column":17}}},"fnMap":{"0":{"name":"product","decl":{"start":{"line":1,"column":16},"end":{"line":1,"column":23}},"loc":{"start":{"line":1,"column":44},"end":{"line":3,"column":1}}}},"branchMap":{},"s":{"0":0,"1":0},"f":{"0":0},"b":{}}
,"D:\\My Classes\\6. Node (Expres, Hono)\\Express\\8.unit-testing\\src\\controllers\\todo.controllers.ts": {"path":"D:\\My Classes\\6. Node (Expres, Hono)\\Express\\8.unit-testing\\src\\controllers\\todo.controllers.ts","statementMap":{"0":{"start":{"line":3,"column":0},"end":{"line":3,"column":56}},"1":{"start":{"line":4,"column":0},"end":{"line":4,"column":38}},"2":{"start":{"line":7,"column":37},"end":{"line":17,"column":1}},"3":{"start":{"line":8,"column":4},"end":{"line":16,"column":5}},"4":{"start":{"line":9,"column":21},"end":{"line":9,"column":36}},"5":{"start":{"line":10,"column":23},"end":{"line":10,"column":72}},"6":{"start":{"line":11,"column":8},"end":{"line":11,"column":47}},"7":{"start":{"line":14,"column":8},"end":{"line":14,"column":65}},"8":{"start":{"line":7,"column":13},"end":{"line":7,"column":37}},"9":{"start":{"line":20,"column":33},"end":{"line":35,"column":1}},"10":{"start":{"line":21,"column":58},"end":{"line":21,"column":66}},"11":{"start":{"line":22,"column":4},"end":{"line":34,"column":5}},"12":{"start":{"line":23,"column":21},"end":{"line":23,"column":36}},"13":{"start":{"line":24,"column":8},"end":{"line":30,"column":139}},"14":{"start":{"line":31,"column":8},"end":{"line":31,"column":71}},"15":{"start":{"line":33,"column":8},"end":{"line":33,"column":65}},"16":{"start":{"line":20,"column":13},"end":{"line":20,"column":33}},"17":{"start":{"line":38,"column":24},"end":{"line":45,"column":1}},"18":{"start":{"line":39,"column":4},"end":{"line":44,"column":5}},"19":{"start":{"line":40,"column":22},"end":{"line":40,"column":52}},"20":{"start":{"line":41,"column":8},"end":{"line":41,"column":36}},"21":{"start":{"line":43,"column":8},"end":{"line":43,"column":55}},"22":{"start":{"line":38,"column":13},"end":{"line":38,"column":24}},"23":{"start":{"line":48,"column":27},"end":{"line":60,"column":1}},"24":{"start":{"line":49,"column":15},"end":{"line":49,"column":38}},"25":{"start":{"line":50,"column":4},"end":{"line":59,"column":5}},"26":{"start":{"line":51,"column":21},"end":{"line":51,"column":51}},"27":{"start":{"line":52,"column":8},"end":{"line":56,"column":9}},"28":{"start":{"line":53,"column":12},"end":{"line":53,"column":39}},"29":{"start":{"line":55,"column":12},"end":{"line":55,"column":64}},"30":{"start":{"line":58,"column":8},"end":{"line":58,"column":55}},"31":{"start":{"line":48,"column":13},"end":{"line":48,"column":27}},"32":{"start":{"line":63,"column":26},"end":{"line":71,"column":1}},"33":{"start":{"line":64,"column":17},"end":{"line":64,"column":25}},"34":{"start":{"line":65,"column":4},"end":{"line":70,"column":5}},"35":{"start":{"line":66,"column":23},"end":{"line":66,"column":58}},"36":{"start":{"line":67,"column":8},"end":{"line":67,"column":37}},"37":{"start":{"line":69,"column":8},"end":{"line":69,"column":55}},"38":{"start":{"line":63,"column":13},"end":{"line":63,"column":26}},"39":{"start":{"line":74,"column":26},"end":{"line":95,"column":1}},"40":{"start":{"line":75,"column":15},"end":{"line":75,"column":38}},"41":{"start":{"line":76,"column":17},"end":{"line":76,"column":25}},"42":{"start":{"line":78,"column":4},"end":{"line":80,"column":5}},"43":{"start":{"line":79,"column":8},"end":{"line":79,"column":68}},"44":{"start":{"line":83,"column":4},"end":{"line":94,"column":5}},"45":{"start":{"line":84,"column":23},"end":{"line":84,"column":62}},"46":{"start":{"line":85,"column":8},"end":{"line":85,"column":37}},"47":{"start":{"line":89,"column":8},"end":{"line":93,"column":9}},"48":{"start":{"line":90,"column":12},"end":{"line":90,"column":71}},"49":{"start":{"line":92,"column":12},"end":{"line":92,"column":59}},"50":{"start":{"line":74,"column":13},"end":{"line":74,"column":26}},"51":{"start":{"line":98,"column":26},"end":{"line":118,"column":1}},"52":{"start":{"line":99,"column":15},"end":{"line":99,"column":38}},"53":{"start":{"line":101,"column":4},"end":{"line":103,"column":5}},"54":{"start":{"line":102,"column":8},"end":{"line":102,"column":68}},"55":{"start":{"line":106,"column":4},"end":{"line":117,"column":5}},"56":{"start":{"line":107,"column":23},"end":{"line":107,"column":56}},"57":{"start":{"line":108,"column":8},"end":{"line":108,"column":37}},"58":{"start":{"line":112,"column":8},"end":{"line":116,"column":9}},"59":{"start":{"line":113,"column":12},"end":{"line":113,"column":71}},"60":{"start":{"line":115,"column":12},"end":{"line":115,"column":59}},"61":{"start":{"line":98,"column":13},"end":{"line":98,"column":26}}},"fnMap":{"0":{"name":"(anonymous_9)","decl":{"start":{"line":7,"column":37},"end":{"line":7,"column":42}},"loc":{"start":{"line":7,"column":75},"end":{"line":17,"column":1}}},"1":{"name":"(anonymous_10)","decl":{"start":{"line":20,"column":33},"end":{"line":20,"column":38}},"loc":{"start":{"line":20,"column":71},"end":{"line":35,"column":1}}},"2":{"name":"(anonymous_11)","decl":{"start":{"line":38,"column":24},"end":{"line":38,"column":29}},"loc":{"start":{"line":38,"column":62},"end":{"line":45,"column":1}}},"3":{"name":"(anonymous_12)","decl":{"start":{"line":48,"column":27},"end":{"line":48,"column":32}},"loc":{"start":{"line":48,"column":65},"end":{"line":60,"column":1}}},"4":{"name":"(anonymous_13)","decl":{"start":{"line":63,"column":26},"end":{"line":63,"column":31}},"loc":{"start":{"line":63,"column":64},"end":{"line":71,"column":1}}},"5":{"name":"(anonymous_14)","decl":{"start":{"line":74,"column":26},"end":{"line":74,"column":31}},"loc":{"start":{"line":74,"column":64},"end":{"line":95,"column":1}}},"6":{"name":"(anonymous_15)","decl":{"start":{"line":98,"column":26},"end":{"line":98,"column":31}},"loc":{"start":{"line":98,"column":64},"end":{"line":118,"column":1}}}},"branchMap":{"0":{"loc":{"start":{"line":52,"column":8},"end":{"line":56,"column":9}},"type":"if","locations":[{"start":{"line":52,"column":8},"end":{"line":56,"column":9}},{"start":{"line":54,"column":15},"end":{"line":56,"column":9}}]},"1":{"loc":{"start":{"line":78,"column":4},"end":{"line":80,"column":5}},"type":"if","locations":[{"start":{"line":78,"column":4},"end":{"line":80,"column":5}},{"start":{},"end":{}}]},"2":{"loc":{"start":{"line":89,"column":8},"end":{"line":93,"column":9}},"type":"if","locations":[{"start":{"line":89,"column":8},"end":{"line":93,"column":9}},{"start":{"line":91,"column":15},"end":{"line":93,"column":9}}]},"3":{"loc":{"start":{"line":101,"column":4},"end":{"line":103,"column":5}},"type":"if","locations":[{"start":{"line":101,"column":4},"end":{"line":103,"column":5}},{"start":{},"end":{}}]},"4":{"loc":{"start":{"line":112,"column":8},"end":{"line":116,"column":9}},"type":"if","locations":[{"start":{"line":112,"column":8},"end":{"line":116,"column":9}},{"start":{"line":114,"column":15},"end":{"line":116,"column":9}}]}},"s":{"0":0,"1":0,"2":0,"3":0,"4":0,"5":0,"6":0,"7":0,"8":0,"9":0,"10":0,"11":0,"12":0,"13":0,"14":0,"15":0,"16":0,"17":0,"18":0,"19":0,"20":0,"21":0,"22":0,"23":0,"24":0,"25":0,"26":0,"27":0,"28":0,"29":0,"30":0,"31":0,"32":0,"33":0,"34":0,"35":0,"36":0,"37":0,"38":0,"39":0,"40":0,"41":0,"42":0,"43":0,"44":0,"45":0,"46":0,"47":0,"48":0,"49":0,"50":0,"51":0,"52":0,"53":0,"54":0,"55":0,"56":0,"57":0,"58":0,"59":0,"60":0,"61":0},"f":{"0":0,"1":0,"2":0,"3":0,"4":0,"5":0,"6":0},"b":{"0":[0,0],"1":[0,0],"2":[0,0],"3":[0,0],"4":[0,0]}}
,"D:\\My Classes\\6. Node (Expres, Hono)\\Express\\8.unit-testing\\src\\controllers\\user.controllers.ts": {"path":"D:\\My Classes\\6. Node (Expres, Hono)\\Express\\8.unit-testing\\src\\controllers\\user.controllers.ts","statementMap":{"0":{"start":{"line":3,"column":0},"end":{"line":3,"column":56}},"1":{"start":{"line":7,"column":27},"end":{"line":14,"column":1}},"2":{"start":{"line":8,"column":4},"end":{"line":13,"column":5}},"3":{"start":{"line":9,"column":22},"end":{"line":9,"column":52}},"4":{"start":{"line":10,"column":8},"end":{"line":10,"column":36}},"5":{"start":{"line":12,"column":8},"end":{"line":12,"column":55}},"6":{"start":{"line":7,"column":13},"end":{"line":7,"column":27}},"7":{"start":{"line":17,"column":27},"end":{"line":30,"column":1}},"8":{"start":{"line":18,"column":15},"end":{"line":18,"column":38}},"9":{"start":{"line":19,"column":4},"end":{"line":29,"column":5}},"10":{"start":{"line":20,"column":21},"end":{"line":20,"column":51}},"11":{"start":{"line":21,"column":8},"end":{"line":26,"column":9}},"12":{"start":{"line":22,"column":12},"end":{"line":22,"column":39}},"13":{"start":{"line":25,"column":12},"end":{"line":25,"column":64}},"14":{"start":{"line":28,"column":8},"end":{"line":28,"column":55}},"15":{"start":{"line":17,"column":13},"end":{"line":17,"column":27}},"16":{"start":{"line":33,"column":26},"end":{"line":42,"column":1}},"17":{"start":{"line":34,"column":4},"end":{"line":41,"column":5}},"18":{"start":{"line":35,"column":21},"end":{"line":35,"column":29}},"19":{"start":{"line":36,"column":8},"end":{"line":36,"column":26}},"20":{"start":{"line":37,"column":23},"end":{"line":37,"column":58}},"21":{"start":{"line":38,"column":8},"end":{"line":38,"column":37}},"22":{"start":{"line":40,"column":8},"end":{"line":40,"column":55}},"23":{"start":{"line":33,"column":13},"end":{"line":33,"column":26}},"24":{"start":{"line":45,"column":26},"end":{"line":63,"column":1}},"25":{"start":{"line":46,"column":4},"end":{"line":62,"column":5}},"26":{"start":{"line":47,"column":32},"end":{"line":47,"column":40}},"27":{"start":{"line":49,"column":8},"end":{"line":51,"column":9}},"28":{"start":{"line":50,"column":12},"end":{"line":50,"column":84}},"29":{"start":{"line":52,"column":23},"end":{"line":52,"column":65}},"30":{"start":{"line":53,"column":8},"end":{"line":53,"column":37}},"31":{"start":{"line":55,"column":8},"end":{"line":61,"column":9}},"32":{"start":{"line":56,"column":12},"end":{"line":56,"column":61}},"33":{"start":{"line":57,"column":15},"end":{"line":61,"column":9}},"34":{"start":{"line":58,"column":12},"end":{"line":58,"column":61}},"35":{"start":{"line":60,"column":12},"end":{"line":60,"column":59}},"36":{"start":{"line":45,"column":13},"end":{"line":45,"column":26}},"37":{"start":{"line":66,"column":26},"end":{"line":87,"column":1}},"38":{"start":{"line":67,"column":15},"end":{"line":67,"column":38}},"39":{"start":{"line":70,"column":4},"end":{"line":72,"column":5}},"40":{"start":{"line":71,"column":8},"end":{"line":71,"column":68}},"41":{"start":{"line":75,"column":4},"end":{"line":86,"column":5}},"42":{"start":{"line":76,"column":21},"end":{"line":76,"column":29}},"43":{"start":{"line":77,"column":23},"end":{"line":77,"column":62}},"44":{"start":{"line":78,"column":8},"end":{"line":78,"column":37}},"45":{"start":{"line":81,"column":8},"end":{"line":85,"column":9}},"46":{"start":{"line":82,"column":12},"end":{"line":82,"column":71}},"47":{"start":{"line":84,"column":12},"end":{"line":84,"column":59}},"48":{"start":{"line":66,"column":13},"end":{"line":66,"column":26}},"49":{"start":{"line":90,"column":26},"end":{"line":109,"column":1}},"50":{"start":{"line":91,"column":15},"end":{"line":91,"column":38}},"51":{"start":{"line":93,"column":4},"end":{"line":95,"column":5}},"52":{"start":{"line":94,"column":8},"end":{"line":94,"column":68}},"53":{"start":{"line":98,"column":4},"end":{"line":108,"column":5}},"54":{"start":{"line":99,"column":23},"end":{"line":99,"column":56}},"55":{"start":{"line":100,"column":8},"end":{"line":100,"column":37}},"56":{"start":{"line":103,"column":8},"end":{"line":107,"column":9}},"57":{"start":{"line":104,"column":12},"end":{"line":104,"column":71}},"58":{"start":{"line":106,"column":12},"end":{"line":106,"column":59}},"59":{"start":{"line":90,"column":13},"end":{"line":90,"column":26}},"60":{"start":{"line":113,"column":25},"end":{"line":128,"column":1}},"61":{"start":{"line":114,"column":4},"end":{"line":127,"column":5}},"62":{"start":{"line":115,"column":36},"end":{"line":115,"column":44}},"63":{"start":{"line":117,"column":23},"end":{"line":117,"column":68}},"64":{"start":{"line":118,"column":8},"end":{"line":118,"column":37}},"65":{"start":{"line":120,"column":8},"end":{"line":126,"column":9}},"66":{"start":{"line":121,"column":12},"end":{"line":121,"column":59}},"67":{"start":{"line":122,"column":15},"end":{"line":126,"column":9}},"68":{"start":{"line":123,"column":12},"end":{"line":123,"column":59}},"69":{"start":{"line":125,"column":12},"end":{"line":125,"column":59}},"70":{"start":{"line":113,"column":13},"end":{"line":113,"column":25}}},"fnMap":{"0":{"name":"(anonymous_9)","decl":{"start":{"line":7,"column":27},"end":{"line":7,"column":32}},"loc":{"start":{"line":7,"column":65},"end":{"line":14,"column":1}}},"1":{"name":"(anonymous_10)","decl":{"start":{"line":17,"column":27},"end":{"line":17,"column":32}},"loc":{"start":{"line":17,"column":65},"end":{"line":30,"column":1}}},"2":{"name":"(anonymous_11)","decl":{"start":{"line":33,"column":26},"end":{"line":33,"column":31}},"loc":{"start":{"line":33,"column":64},"end":{"line":42,"column":1}}},"3":{"name":"(anonymous_12)","decl":{"start":{"line":45,"column":26},"end":{"line":45,"column":31}},"loc":{"start":{"line":45,"column":64},"end":{"line":63,"column":1}}},"4":{"name":"(anonymous_13)","decl":{"start":{"line":66,"column":26},"end":{"line":66,"column":31}},"loc":{"start":{"line":66,"column":64},"end":{"line":87,"column":1}}},"5":{"name":"(anonymous_14)","decl":{"start":{"line":90,"column":26},"end":{"line":90,"column":31}},"loc":{"start":{"line":90,"column":64},"end":{"line":109,"column":1}}},"6":{"name":"(anonymous_15)","decl":{"start":{"line":113,"column":25},"end":{"line":113,"column":30}},"loc":{"start":{"line":113,"column":63},"end":{"line":128,"column":1}}}},"branchMap":{"0":{"loc":{"start":{"line":21,"column":8},"end":{"line":26,"column":9}},"type":"if","locations":[{"start":{"line":21,"column":8},"end":{"line":26,"column":9}},{"start":{"line":24,"column":13},"end":{"line":26,"column":9}}]},"1":{"loc":{"start":{"line":49,"column":8},"end":{"line":51,"column":9}},"type":"if","locations":[{"start":{"line":49,"column":8},"end":{"line":51,"column":9}},{"start":{},"end":{}}]},"2":{"loc":{"start":{"line":49,"column":12},"end":{"line":49,"column":27}},"type":"binary-expr","locations":[{"start":{"line":49,"column":12},"end":{"line":49,"column":18}},{"start":{"line":49,"column":22},"end":{"line":49,"column":27}}]},"3":{"loc":{"start":{"line":55,"column":8},"end":{"line":61,"column":9}},"type":"if","locations":[{"start":{"line":55,"column":8},"end":{"line":61,"column":9}},{"start":{"line":57,"column":15},"end":{"line":61,"column":9}}]},"4":{"loc":{"start":{"line":57,"column":15},"end":{"line":61,"column":9}},"type":"if","locations":[{"start":{"line":57,"column":15},"end":{"line":61,"column":9}},{"start":{"line":59,"column":15},"end":{"line":61,"column":9}}]},"5":{"loc":{"start":{"line":70,"column":4},"end":{"line":72,"column":5}},"type":"if","locations":[{"start":{"line":70,"column":4},"end":{"line":72,"column":5}},{"start":{},"end":{}}]},"6":{"loc":{"start":{"line":81,"column":8},"end":{"line":85,"column":9}},"type":"if","locations":[{"start":{"line":81,"column":8},"end":{"line":85,"column":9}},{"start":{"line":83,"column":15},"end":{"line":85,"column":9}}]},"7":{"loc":{"start":{"line":93,"column":4},"end":{"line":95,"column":5}},"type":"if","locations":[{"start":{"line":93,"column":4},"end":{"line":95,"column":5}},{"start":{},"end":{}}]},"8":{"loc":{"start":{"line":103,"column":8},"end":{"line":107,"column":9}},"type":"if","locations":[{"start":{"line":103,"column":8},"end":{"line":107,"column":9}},{"start":{"line":105,"column":15},"end":{"line":107,"column":9}}]},"9":{"loc":{"start":{"line":120,"column":8},"end":{"line":126,"column":9}},"type":"if","locations":[{"start":{"line":120,"column":8},"end":{"line":126,"column":9}},{"start":{"line":122,"column":15},"end":{"line":126,"column":9}}]},"10":{"loc":{"start":{"line":122,"column":15},"end":{"line":126,"column":9}},"type":"if","locations":[{"start":{"line":122,"column":15},"end":{"line":126,"column":9}},{"start":{"line":124,"column":15},"end":{"line":126,"column":9}}]}},"s":{"0":0,"1":0,"2":0,"3":0,"4":0,"5":0,"6":0,"7":0,"8":0,"9":0,"10":0,"11":0,"12":0,"13":0,"14":0,"15":0,"16":0,"17":0,"18":0,"19":0,"20":0,"21":0,"22":0,"23":0,"24":0,"25":0,"26":0,"27":0,"28":0,"29":0,"30":0,"31":0,"32":0,"33":0,"34":0,"35":0,"36":0,"37":0,"38":0,"39":0,"40":0,"41":0,"42":0,"43":0,"44":0,"45":0,"46":0,"47":0,"48":0,"49":0,"50":0,"51":0,"52":0,"53":0,"54":0,"55":0,"56":0,"57":0,"58":0,"59":0,"60":0,"61":0,"62":0,"63":0,"64":0,"65":0,"66":0,"67":0,"68":0,"69":0,"70":0},"f":{"0":0,"1":0,"2":0,"3":0,"4":0,"5":0,"6":0},"b":{"0":[0,0],"1":[0,0],"2":[0,0],"3":[0,0],"4":[0,0],"5":[0,0],"6":[0,0],"7":[0,0],"8":[0,0],"9":[0,0],"10":[0,0]}}
,"D:\\My Classes\\6. Node (Expres, Hono)\\Express\\8.unit-testing\\src\\db\\config.ts": {"path":"D:\\My Classes\\6. Node (Expres, Hono)\\Express\\8.unit-testing\\src\\db\\config.ts","statementMap":{"0":{"start":{"line":1,"column":0},"end":{"line":1,"column":28}},"1":{"start":{"line":2,"column":0},"end":{"line":2,"column":28}},"2":{"start":{"line":3,"column":0},"end":{"line":3,"column":24}},"3":{"start":{"line":5,"column":0},"end":{"line":5,"column":16}},"4":{"start":{"line":13,"column":4},"end":{"line":13,"column":15}},"5":{"start":{"line":16,"column":0},"end":{"line":16,"column":33}},"6":{"start":{"line":17,"column":0},"end":{"line":17,"column":45}},"7":{"start":{"line":18,"column":0},"end":{"line":18,"column":41}},"8":{"start":{"line":19,"column":0},"end":{"line":19,"column":39}},"9":{"start":{"line":20,"column":0},"end":{"line":20,"column":37}},"10":{"start":{"line":22,"column":13},"end":{"line":39,"column":2}},"11":{"start":{"line":42,"column":23},"end":{"line":50,"column":1}},"12":{"start":{"line":43,"column":4},"end":{"line":49,"column":5}},"13":{"start":{"line":44,"column":21},"end":{"line":44,"column":56}},"14":{"start":{"line":45,"column":8},"end":{"line":45,"column":20}},"15":{"start":{"line":47,"column":8},"end":{"line":47,"column":53}},"16":{"start":{"line":48,"column":8},"end":{"line":48,"column":20}},"17":{"start":{"line":42,"column":13},"end":{"line":42,"column":23}}},"fnMap":{"0":{"name":"(anonymous_1)","decl":{"start":{"line":42,"column":23},"end":{"line":42,"column":28}},"loc":{"start":{"line":42,"column":34},"end":{"line":50,"column":1}}}},"branchMap":{},"s":{"0":2,"1":2,"2":2,"3":2,"4":2,"5":2,"6":2,"7":2,"8":2,"9":2,"10":2,"11":2,"12":0,"13":0,"14":0,"15":0,"16":0,"17":2},"f":{"0":0},"b":{}}
,"D:\\My Classes\\6. Node (Expres, Hono)\\Express\\8.unit-testing\\src\\mailer\\emailTemplates.ts": {"path":"D:\\My Classes\\6. Node (Expres, Hono)\\Express\\8.unit-testing\\src\\mailer\\emailTemplates.ts","statementMap":{"0":{"start":{"line":3,"column":13},"end":{"line":34,"column":null}},"1":{"start":{"line":4,"column":36},"end":{"line":10,"column":null}},"2":{"start":{"line":12,"column":49},"end":{"line":20,"column":null}},"3":{"start":{"line":22,"column":44},"end":{"line":30,"column":null}}},"fnMap":{"0":{"name":"(anonymous_0)","decl":{"start":{"line":4,"column":13},"end":{"line":4,"column":14}},"loc":{"start":{"line":4,"column":36},"end":{"line":10,"column":null}}},"1":{"name":"(anonymous_1)","decl":{"start":{"line":12,"column":12},"end":{"line":12,"column":13}},"loc":{"start":{"line":12,"column":49},"end":{"line":20,"column":null}}},"2":{"name":"(anonymous_2)","decl":{"start":{"line":22,"column":21},"end":{"line":22,"column":22}},"loc":{"start":{"line":22,"column":44},"end":{"line":30,"column":null}}}},"branchMap":{},"s":{"0":1,"1":0,"2":0,"3":0},"f":{"0":0,"1":0,"2":0},"b":{}}
,"D:\\My Classes\\6. Node (Expres, Hono)\\Express\\8.unit-testing\\src\\mailer\\mailer.ts": {"path":"D:\\My Classes\\6. Node (Expres, Hono)\\Express\\8.unit-testing\\src\\mailer\\mailer.ts","statementMap":{"0":{"start":{"line":1,"column":0},"end":{"line":1,"column":36}},"1":{"start":{"line":2,"column":0},"end":{"line":2,"column":28}},"2":{"start":{"line":4,"column":0},"end":{"line":4,"column":16}},"3":{"start":{"line":6,"column":25},"end":{"line":40,"column":1}},"4":{"start":{"line":11,"column":4},"end":{"line":39,"column":5}},"5":{"start":{"line":12,"column":28},"end":{"line":21,"column":10}},"6":{"start":{"line":23,"column":56},"end":{"line":28,"column":10}},"7":{"start":{"line":30,"column":24},"end":{"line":30,"column":63}},"8":{"start":{"line":31,"column":8},"end":{"line":31,"column":46}},"9":{"start":{"line":33,"column":8},"end":{"line":33,"column":74}},"10":{"start":{"line":33,"column":41},"end":{"line":33,"column":74}},"11":{"start":{"line":34,"column":8},"end":{"line":34,"column":65}},"12":{"start":{"line":34,"column":41},"end":{"line":34,"column":65}},"13":{"start":{"line":35,"column":8},"end":{"line":35,"column":45}},"14":{"start":{"line":37,"column":8},"end":{"line":37,"column":59}},"15":{"start":{"line":38,"column":8},"end":{"line":38,"column":45}},"16":{"start":{"line":6,"column":13},"end":{"line":6,"column":25}}},"fnMap":{"0":{"name":"(anonymous_1)","decl":{"start":{"line":6,"column":25},"end":{"line":6,"column":30}},"loc":{"start":{"line":10,"column":21},"end":{"line":40,"column":1}}}},"branchMap":{"0":{"loc":{"start":{"line":33,"column":8},"end":{"line":33,"column":74}},"type":"if","locations":[{"start":{"line":33,"column":8},"end":{"line":33,"column":74}},{"start":{},"end":{}}]},"1":{"loc":{"start":{"line":34,"column":8},"end":{"line":34,"column":65}},"type":"if","locations":[{"start":{"line":34,"column":8},"end":{"line":34,"column":65}},{"start":{},"end":{}}]}},"s":{"0":1,"1":1,"2":1,"3":1,"4":0,"5":0,"6":0,"7":0,"8":0,"9":0,"10":0,"11":0,"12":0,"13":0,"14":0,"15":0,"16":1},"f":{"0":0},"b":{"0":[0,0],"1":[0,0]}}
,"D:\\My Classes\\6. Node (Expres, Hono)\\Express\\8.unit-testing\\src\\middleware\\bearAuth.ts": {"path":"D:\\My Classes\\6. Node (Expres, Hono)\\Express\\8.unit-testing\\src\\middleware\\bearAuth.ts","statementMap":{"0":{"start":{"line":1,"column":0},"end":{"line":1,"column":31}},"1":{"start":{"line":2,"column":0},"end":{"line":2,"column":28}},"2":{"start":{"line":6,"column":0},"end":{"line":6,"column":16}},"3":{"start":{"line":9,"column":26},"end":{"line":70,"column":1}},"4":{"start":{"line":10,"column":4},"end":{"line":68,"column":null}},"5":{"start":{"line":11,"column":27},"end":{"line":11,"column":52}},"6":{"start":{"line":13,"column":8},"end":{"line":16,"column":9}},"7":{"start":{"line":14,"column":12},"end":{"line":14,"column":62}},"8":{"start":{"line":15,"column":12},"end":{"line":15,"column":18}},"9":{"start":{"line":18,"column":22},"end":{"line":18,"column":46}},"10":{"start":{"line":20,"column":8},"end":{"line":67,"column":9}},"11":{"start":{"line":21,"column":28},"end":{"line":21,"column":79}},"12":{"start":{"line":23,"column":13},"end":{"line":23,"column":40}},"13":{"start":{"line":26,"column":12},"end":{"line":63,"column":13}},"14":{"start":{"line":40,"column":16},"end":{"line":49,"column":17}},"15":{"start":{"line":41,"column":20},"end":{"line":44,"column":21}},"16":{"start":{"line":42,"column":24},"end":{"line":42,"column":31}},"17":{"start":{"line":43,"column":24},"end":{"line":43,"column":30}},"18":{"start":{"line":46,"column":21},"end":{"line":49,"column":17}},"19":{"start":{"line":47,"column":20},"end":{"line":47,"column":27}},"20":{"start":{"line":48,"column":20},"end":{"line":48,"column":26}},"21":{"start":{"line":50,"column":16},"end":{"line":50,"column":66}},"22":{"start":{"line":51,"column":16},"end":{"line":51,"column":22}},"23":{"start":{"line":61,"column":16},"end":{"line":61,"column":null}},"24":{"start":{"line":62,"column":16},"end":{"line":62,"column":22}},"25":{"start":{"line":65,"column":12},"end":{"line":65,"column":63}},"26":{"start":{"line":66,"column":12},"end":{"line":66,"column":18}},"27":{"start":{"line":9,"column":13},"end":{"line":9,"column":26}},"28":{"start":{"line":73,"column":13},"end":{"line":73,"column":45}},"29":{"start":{"line":74,"column":13},"end":{"line":74,"column":43}},"30":{"start":{"line":75,"column":13},"end":{"line":75,"column":44}}},"fnMap":{"0":{"name":"(anonymous_1)","decl":{"start":{"line":9,"column":26},"end":{"line":9,"column":27}},"loc":{"start":{"line":9,"column":70},"end":{"line":70,"column":1}}},"1":{"name":"(anonymous_2)","decl":{"start":{"line":10,"column":11},"end":{"line":10,"column":12}},"loc":{"start":{"line":10,"column":69},"end":{"line":68,"column":5}}}},"branchMap":{"0":{"loc":{"start":{"line":13,"column":8},"end":{"line":16,"column":9}},"type":"if","locations":[{"start":{"line":13,"column":8},"end":{"line":16,"column":9}},{"start":{},"end":{}}]},"1":{"loc":{"start":{"line":13,"column":12},"end":{"line":13,"column":60}},"type":"binary-expr","locations":[{"start":{"line":13,"column":12},"end":{"line":13,"column":23}},{"start":{"line":13,"column":27},"end":{"line":13,"column":60}}]},"2":{"loc":{"start":{"line":26,"column":12},"end":{"line":63,"column":13}},"type":"if","locations":[{"start":{"line":26,"column":12},"end":{"line":63,"column":13}},{"start":{"line":53,"column":17},"end":{"line":63,"column":13}}]},"3":{"loc":{"start":{"line":26,"column":16},"end":{"line":38,"column":33}},"type":"binary-expr","locations":[{"start":{"line":26,"column":16},"end":{"line":26,"column":43}},{"start":{"line":37,"column":16},"end":{"line":37,"column":32}},{"start":{"line":38,"column":16},"end":{"line":38,"column":33}}]},"4":{"loc":{"start":{"line":40,"column":16},"end":{"line":49,"column":17}},"type":"if","locations":[{"start":{"line":40,"column":16},"end":{"line":49,"column":17}},{"start":{"line":46,"column":21},"end":{"line":49,"column":17}}]},"5":{"loc":{"start":{"line":41,"column":20},"end":{"line":44,"column":21}},"type":"if","locations":[{"start":{"line":41,"column":20},"end":{"line":44,"column":21}},{"start":{},"end":{}}]},"6":{"loc":{"start":{"line":41,"column":24},"end":{"line":41,"column":75}},"type":"binary-expr","locations":[{"start":{"line":41,"column":24},"end":{"line":41,"column":48}},{"start":{"line":41,"column":52},"end":{"line":41,"column":75}}]},"7":{"loc":{"start":{"line":46,"column":21},"end":{"line":49,"column":17}},"type":"if","locations":[{"start":{"line":46,"column":21},"end":{"line":49,"column":17}},{"start":{},"end":{}}]}},"s":{"0":0,"1":0,"2":0,"3":0,"4":0,"5":0,"6":0,"7":0,"8":0,"9":0,"10":0,"11":0,"12":0,"13":0,"14":0,"15":0,"16":0,"17":0,"18":0,"19":0,"20":0,"21":0,"22":0,"23":0,"24":0,"25":0,"26":0,"27":0,"28":0,"29":0,"30":0},"f":{"0":0,"1":0},"b":{"0":[0,0],"1":[0,0],"2":[0,0],"3":[0,0,0],"4":[0,0],"5":[0,0],"6":[0,0],"7":[0,0]}}
,"D:\\My Classes\\6. Node (Expres, Hono)\\Express\\8.unit-testing\\src\\repositories\\todo.repository.ts": {"path":"D:\\My Classes\\6. Node (Expres, Hono)\\Express\\8.unit-testing\\src\\repositories\\todo.repository.ts","statementMap":{"0":{"start":{"line":1,"column":0},"end":{"line":1,"column":38}},"1":{"start":{"line":5,"column":27},"end":{"line":9,"column":1}},"2":{"start":{"line":6,"column":17},"end":{"line":6,"column":32}},"3":{"start":{"line":7,"column":19},"end":{"line":7,"column":68}},"4":{"start":{"line":8,"column":4},"end":{"line":8,"column":28}},"5":{"start":{"line":5,"column":13},"end":{"line":5,"column":27}},"6":{"start":{"line":12,"column":27},"end":{"line":19,"column":1}},"7":{"start":{"line":13,"column":17},"end":{"line":13,"column":32}},"8":{"start":{"line":14,"column":19},"end":{"line":17,"column":56}},"9":{"start":{"line":18,"column":4},"end":{"line":18,"column":31}},"10":{"start":{"line":12,"column":13},"end":{"line":12,"column":27}},"11":{"start":{"line":22,"column":26},"end":{"line":32,"column":1}},"12":{"start":{"line":23,"column":17},"end":{"line":23,"column":32}},"13":{"start":{"line":24,"column":4},"end":{"line":30,"column":135}},"14":{"start":{"line":31,"column":4},"end":{"line":31,"column":52}},"15":{"start":{"line":22,"column":13},"end":{"line":22,"column":26}},"16":{"start":{"line":44,"column":26},"end":{"line":55,"column":1}},"17":{"start":{"line":45,"column":17},"end":{"line":45,"column":32}},"18":{"start":{"line":46,"column":4},"end":{"line":53,"column":147}},"19":{"start":{"line":54,"column":4},"end":{"line":54,"column":52}},"20":{"start":{"line":44,"column":13},"end":{"line":44,"column":26}},"21":{"start":{"line":58,"column":26},"end":{"line":65,"column":1}},"22":{"start":{"line":59,"column":17},"end":{"line":59,"column":32}},"23":{"start":{"line":60,"column":4},"end":{"line":63,"column":55}},"24":{"start":{"line":64,"column":4},"end":{"line":64,"column":10}},"25":{"start":{"line":58,"column":13},"end":{"line":58,"column":26}}},"fnMap":{"0":{"name":"(anonymous_0)","decl":{"start":{"line":5,"column":27},"end":{"line":5,"column":32}},"loc":{"start":{"line":5,"column":55},"end":{"line":9,"column":1}}},"1":{"name":"(anonymous_1)","decl":{"start":{"line":12,"column":27},"end":{"line":12,"column":32}},"loc":{"start":{"line":12,"column":63},"end":{"line":19,"column":1}}},"2":{"name":"(anonymous_2)","decl":{"start":{"line":22,"column":26},"end":{"line":22,"column":31}},"loc":{"start":{"line":22,"column":50},"end":{"line":32,"column":1}}},"3":{"name":"(anonymous_3)","decl":{"start":{"line":44,"column":26},"end":{"line":44,"column":31}},"loc":{"start":{"line":44,"column":65},"end":{"line":55,"column":1}}},"4":{"name":"(anonymous_4)","decl":{"start":{"line":58,"column":26},"end":{"line":58,"column":31}},"loc":{"start":{"line":58,"column":47},"end":{"line":65,"column":1}}}},"branchMap":{},"s":{"0":1,"1":1,"2":0,"3":0,"4":0,"5":1,"6":1,"7":0,"8":0,"9":0,"10":1,"11":1,"12":0,"13":0,"14":0,"15":1,"16":1,"17":0,"18":0,"19":0,"20":1,"21":1,"22":0,"23":0,"24":0,"25":1},"f":{"0":0,"1":0,"2":0,"3":0,"4":0},"b":{}}
,"D:\\My Classes\\6. Node (Expres, Hono)\\Express\\8.unit-testing\\src\\repositories\\user.repository.ts": {"path":"D:\\My Classes\\6. Node (Expres, Hono)\\Express\\8.unit-testing\\src\\repositories\\user.repository.ts","statementMap":{"0":{"start":{"line":2,"column":0},"end":{"line":2,"column":38}},"1":{"start":{"line":6,"column":24},"end":{"line":10,"column":1}},"2":{"start":{"line":7,"column":17},"end":{"line":7,"column":32}},"3":{"start":{"line":8,"column":19},"end":{"line":8,"column":68}},"4":{"start":{"line":9,"column":4},"end":{"line":9,"column":28}},"5":{"start":{"line":6,"column":13},"end":{"line":6,"column":24}},"6":{"start":{"line":13,"column":27},"end":{"line":20,"column":1}},"7":{"start":{"line":14,"column":17},"end":{"line":14,"column":32}},"8":{"start":{"line":15,"column":19},"end":{"line":18,"column":56}},"9":{"start":{"line":19,"column":4},"end":{"line":19,"column":31}},"10":{"start":{"line":13,"column":13},"end":{"line":13,"column":27}},"11":{"start":{"line":23,"column":26},"end":{"line":34,"column":1}},"12":{"start":{"line":24,"column":17},"end":{"line":24,"column":32}},"13":{"start":{"line":25,"column":4},"end":{"line":32,"column":156}},"14":{"start":{"line":33,"column":4},"end":{"line":33,"column":52}},"15":{"start":{"line":23,"column":13},"end":{"line":23,"column":26}},"16":{"start":{"line":47,"column":26},"end":{"line":60,"column":1}},"17":{"start":{"line":48,"column":17},"end":{"line":48,"column":32}},"18":{"start":{"line":49,"column":4},"end":{"line":58,"column":169}},"19":{"start":{"line":59,"column":4},"end":{"line":59,"column":52}},"20":{"start":{"line":47,"column":13},"end":{"line":47,"column":26}},"21":{"start":{"line":75,"column":26},"end":{"line":82,"column":1}},"22":{"start":{"line":76,"column":17},"end":{"line":76,"column":32}},"23":{"start":{"line":77,"column":4},"end":{"line":80,"column":55}},"24":{"start":{"line":81,"column":4},"end":{"line":81,"column":52}},"25":{"start":{"line":75,"column":13},"end":{"line":75,"column":26}},"26":{"start":{"line":86,"column":30},"end":{"line":93,"column":1}},"27":{"start":{"line":87,"column":17},"end":{"line":87,"column":32}},"28":{"start":{"line":88,"column":19},"end":{"line":91,"column":58}},"29":{"start":{"line":92,"column":4},"end":{"line":92,"column":39}},"30":{"start":{"line":86,"column":13},"end":{"line":86,"column":30}},"31":{"start":{"line":96,"column":35},"end":{"line":104,"column":1}},"32":{"start":{"line":97,"column":17},"end":{"line":97,"column":32}},"33":{"start":{"line":98,"column":4},"end":{"line":102,"column":99}},"34":{"start":{"line":103,"column":4},"end":{"line":103,"column":50}},"35":{"start":{"line":96,"column":13},"end":{"line":96,"column":35}},"36":{"start":{"line":107,"column":26},"end":{"line":114,"column":1}},"37":{"start":{"line":108,"column":17},"end":{"line":108,"column":32}},"38":{"start":{"line":109,"column":4},"end":{"line":112,"column":98}},"39":{"start":{"line":113,"column":4},"end":{"line":113,"column":53}},"40":{"start":{"line":107,"column":13},"end":{"line":107,"column":26}}},"fnMap":{"0":{"name":"(anonymous_0)","decl":{"start":{"line":6,"column":24},"end":{"line":6,"column":29}},"loc":{"start":{"line":6,"column":52},"end":{"line":10,"column":1}}},"1":{"name":"(anonymous_1)","decl":{"start":{"line":13,"column":27},"end":{"line":13,"column":32}},"loc":{"start":{"line":13,"column":65},"end":{"line":20,"column":1}}},"2":{"name":"(anonymous_2)","decl":{"start":{"line":23,"column":26},"end":{"line":23,"column":31}},"loc":{"start":{"line":23,"column":50},"end":{"line":34,"column":1}}},"3":{"name":"(anonymous_3)","decl":{"start":{"line":47,"column":26},"end":{"line":47,"column":31}},"loc":{"start":{"line":47,"column":65},"end":{"line":60,"column":1}}},"4":{"name":"(anonymous_4)","decl":{"start":{"line":75,"column":26},"end":{"line":75,"column":31}},"loc":{"start":{"line":75,"column":47},"end":{"line":82,"column":1}}},"5":{"name":"(anonymous_5)","decl":{"start":{"line":86,"column":30},"end":{"line":86,"column":35}},"loc":{"start":{"line":86,"column":76},"end":{"line":93,"column":1}}},"6":{"name":"(anonymous_6)","decl":{"start":{"line":96,"column":35},"end":{"line":96,"column":40}},"loc":{"start":{"line":96,"column":73},"end":{"line":104,"column":1}}},"7":{"name":"(anonymous_7)","decl":{"start":{"line":107,"column":26},"end":{"line":107,"column":31}},"loc":{"start":{"line":107,"column":50},"end":{"line":114,"column":1}}}},"branchMap":{"0":{"loc":{"start":{"line":92,"column":11},"end":{"line":92,"column":38}},"type":"binary-expr","locations":[{"start":{"line":92,"column":11},"end":{"line":92,"column":30}},{"start":{"line":92,"column":34},"end":{"line":92,"column":38}}]}},"s":{"0":1,"1":1,"2":0,"3":0,"4":0,"5":1,"6":1,"7":0,"8":0,"9":0,"10":1,"11":1,"12":0,"13":0,"14":0,"15":1,"16":1,"17":0,"18":0,"19":0,"20":1,"21":1,"22":0,"23":0,"24":0,"25":1,"26":1,"27":0,"28":0,"29":0,"30":1,"31":1,"32":0,"33":0,"34":0,"35":1,"36":1,"37":0,"38":0,"39":0,"40":1},"f":{"0":0,"1":0,"2":0,"3":0,"4":0,"5":0,"6":0,"7":0},"b":{"0":[0,0]}}
,"D:\\My Classes\\6. Node (Expres, Hono)\\Express\\8.unit-testing\\src\\router\\todo.routes.ts": {"path":"D:\\My Classes\\6. Node (Expres, Hono)\\Express\\8.unit-testing\\src\\router\\todo.routes.ts","statementMap":{"0":{"start":{"line":2,"column":0},"end":{"line":2,"column":65}},"1":{"start":{"line":3,"column":0},"end":{"line":3,"column":72}},"2":{"start":{"line":5,"column":19},"end":{"line":16,"column":1}},"3":{"start":{"line":6,"column":4},"end":{"line":6,"column":58}},"4":{"start":{"line":7,"column":4},"end":{"line":7,"column":54}},"5":{"start":{"line":8,"column":4},"end":{"line":8,"column":61}},"6":{"start":{"line":9,"column":4},"end":{"line":9,"column":53}},"7":{"start":{"line":10,"column":4},"end":{"line":10,"column":56}},"8":{"start":{"line":13,"column":4},"end":{"line":13,"column":63}},"9":{"start":{"line":14,"column":4},"end":{"line":14,"column":59}},"10":{"start":{"line":18,"column":0},"end":{"line":18,"column":26}}},"fnMap":{"0":{"name":"(anonymous_9)","decl":{"start":{"line":5,"column":19},"end":{"line":5,"column":20}},"loc":{"start":{"line":5,"column":36},"end":{"line":16,"column":1}}}},"branchMap":{},"s":{"0":0,"1":0,"2":0,"3":0,"4":0,"5":0,"6":0,"7":0,"8":0,"9":0,"10":0},"f":{"0":0},"b":{}}
,"D:\\My Classes\\6. Node (Expres, Hono)\\Express\\8.unit-testing\\src\\router\\user.routes.ts": {"path":"D:\\My Classes\\6. Node (Expres, Hono)\\Express\\8.unit-testing\\src\\router\\user.routes.ts","statementMap":{"0":{"start":{"line":3,"column":0},"end":{"line":3,"column":66}},"1":{"start":{"line":5,"column":19},"end":{"line":13,"column":1}},"2":{"start":{"line":6,"column":4},"end":{"line":6,"column":50}},"3":{"start":{"line":7,"column":4},"end":{"line":7,"column":54}},"4":{"start":{"line":8,"column":4},"end":{"line":8,"column":50}},"5":{"start":{"line":9,"column":4},"end":{"line":9,"column":53}},"6":{"start":{"line":10,"column":4},"end":{"line":10,"column":56}},"7":{"start":{"line":11,"column":4},"end":{"line":11,"column":49}},"8":{"start":{"line":12,"column":4},"end":{"line":12,"column":51}},"9":{"start":{"line":15,"column":0},"end":{"line":15,"column":26}}},"fnMap":{"0":{"name":"(anonymous_9)","decl":{"start":{"line":5,"column":19},"end":{"line":5,"column":20}},"loc":{"start":{"line":5,"column":36},"end":{"line":13,"column":1}}}},"branchMap":{},"s":{"0":0,"1":0,"2":0,"3":0,"4":0,"5":0,"6":0,"7":0,"8":0,"9":0},"f":{"0":0},"b":{}}
,"D:\\My Classes\\6. Node (Expres, Hono)\\Express\\8.unit-testing\\src\\services\\todo.service.ts": {"path":"D:\\My Classes\\6. Node (Expres, Hono)\\Express\\8.unit-testing\\src\\services\\todo.service.ts","statementMap":{"0":{"start":{"line":3,"column":0},"end":{"line":3,"column":67}},"1":{"start":{"line":6,"column":25},"end":{"line":6,"column":73}},"2":{"start":{"line":6,"column":37},"end":{"line":6,"column":73}},"3":{"start":{"line":6,"column":13},"end":{"line":6,"column":25}},"4":{"start":{"line":7,"column":23},"end":{"line":7,"column":83}},"5":{"start":{"line":7,"column":45},"end":{"line":7,"column":83}},"6":{"start":{"line":7,"column":13},"end":{"line":7,"column":23}},"7":{"start":{"line":8,"column":26},"end":{"line":8,"column":90}},"8":{"start":{"line":8,"column":51},"end":{"line":8,"column":90}},"9":{"start":{"line":8,"column":13},"end":{"line":8,"column":26}},"10":{"start":{"line":10,"column":26},"end":{"line":16,"column":1}},"11":{"start":{"line":11,"column":25},"end":{"line":11,"column":63}},"12":{"start":{"line":12,"column":4},"end":{"line":14,"column":5}},"13":{"start":{"line":13,"column":8},"end":{"line":13,"column":42}},"14":{"start":{"line":15,"column":4},"end":{"line":15,"column":49}},"15":{"start":{"line":10,"column":13},"end":{"line":10,"column":26}},"16":{"start":{"line":19,"column":26},"end":{"line":25,"column":1}},"17":{"start":{"line":20,"column":25},"end":{"line":20,"column":63}},"18":{"start":{"line":21,"column":4},"end":{"line":23,"column":5}},"19":{"start":{"line":22,"column":8},"end":{"line":22,"column":42}},"20":{"start":{"line":24,"column":4},"end":{"line":24,"column":55}},"21":{"start":{"line":19,"column":13},"end":{"line":19,"column":26}}},"fnMap":{"0":{"name":"(anonymous_9)","decl":{"start":{"line":6,"column":25},"end":{"line":6,"column":30}},"loc":{"start":{"line":6,"column":37},"end":{"line":6,"column":73}}},"1":{"name":"(anonymous_10)","decl":{"start":{"line":7,"column":23},"end":{"line":7,"column":28}},"loc":{"start":{"line":7,"column":45},"end":{"line":7,"column":83}}},"2":{"name":"(anonymous_11)","decl":{"start":{"line":8,"column":26},"end":{"line":8,"column":31}},"loc":{"start":{"line":8,"column":51},"end":{"line":8,"column":90}}},"3":{"name":"(anonymous_12)","decl":{"start":{"line":10,"column":26},"end":{"line":10,"column":31}},"loc":{"start":{"line":10,"column":47},"end":{"line":16,"column":1}}},"4":{"name":"(anonymous_13)","decl":{"start":{"line":19,"column":26},"end":{"line":19,"column":31}},"loc":{"start":{"line":19,"column":65},"end":{"line":25,"column":1}}}},"branchMap":{"0":{"loc":{"start":{"line":12,"column":4},"end":{"line":14,"column":5}},"type":"if","locations":[{"start":{"line":12,"column":4},"end":{"line":14,"column":5}},{"start":{},"end":{}}]},"1":{"loc":{"start":{"line":21,"column":4},"end":{"line":23,"column":5}},"type":"if","locations":[{"start":{"line":21,"column":4},"end":{"line":23,"column":5}},{"start":{},"end":{}}]}},"s":{"0":1,"1":1,"2":1,"3":1,"4":1,"5":2,"6":1,"7":1,"8":1,"9":1,"10":1,"11":2,"12":2,"13":1,"14":1,"15":1,"16":1,"17":2,"18":2,"19":1,"20":1,"21":1},"f":{"0":1,"1":2,"2":1,"3":2,"4":2},"b":{"0":[1,1],"1":[1,1]}}
,"D:\\My Classes\\6. Node (Expres, Hono)\\Express\\8.unit-testing\\src\\services\\user.service.ts": {"path":"D:\\My Classes\\6. Node (Expres, Hono)\\Express\\8.unit-testing\\src\\services\\user.service.ts","statementMap":{"0":{"start":{"line":1,"column":0},"end":{"line":1,"column":67}},"1":{"start":{"line":3,"column":0},"end":{"line":3,"column":31}},"2":{"start":{"line":4,"column":0},"end":{"line":4,"column":27}},"3":{"start":{"line":5,"column":0},"end":{"line":5,"column":28}},"4":{"start":{"line":6,"column":0},"end":{"line":6,"column":45}},"5":{"start":{"line":7,"column":0},"end":{"line":7,"column":57}},"6":{"start":{"line":10,"column":0},"end":{"line":10,"column":16}},"7":{"start":{"line":12,"column":25},"end":{"line":12,"column":70}},"8":{"start":{"line":12,"column":37},"end":{"line":12,"column":70}},"9":{"start":{"line":12,"column":13},"end":{"line":12,"column":25}},"10":{"start":{"line":13,"column":23},"end":{"line":13,"column":83}},"11":{"start":{"line":13,"column":45},"end":{"line":13,"column":83}},"12":{"start":{"line":13,"column":13},"end":{"line":13,"column":23}},"13":{"start":{"line":14,"column":26},"end":{"line":61,"column":1}},"14":{"start":{"line":16,"column":4},"end":{"line":19,"column":5}},"15":{"start":{"line":17,"column":8},"end":{"line":17,"column":null}},"16":{"start":{"line":18,"column":8},"end":{"line":18,"column":35}},"17":{"start":{"line":22,"column":29},"end":{"line":22,"column":83}},"18":{"start":{"line":24,"column":19},"end":{"line":24,"column":58}},"19":{"start":{"line":27,"column":4},"end":{"line":27,"column":77}},"20":{"start":{"line":53,"column":4},"end":{"line":57,"column":null}},"21":{"start":{"line":60,"column":4},"end":{"line":60,"column":null}},"22":{"start":{"line":14,"column":13},"end":{"line":14,"column":26}},"23":{"start":{"line":65,"column":26},"end":{"line":83,"column":1}},"24":{"start":{"line":66,"column":17},"end":{"line":66,"column":61}},"25":{"start":{"line":67,"column":4},"end":{"line":69,"column":5}},"26":{"start":{"line":68,"column":8},"end":{"line":68,"column":42}},"27":{"start":{"line":71,"column":4},"end":{"line":73,"column":5}},"28":{"start":{"line":72,"column":8},"end":{"line":72,"column":53}},"29":{"start":{"line":74,"column":4},"end":{"line":74,"column":45}},"30":{"start":{"line":77,"column":4},"end":{"line":81,"column":null}},"31":{"start":{"line":82,"column":4},"end":{"line":82,"column":53}},"32":{"start":{"line":65,"column":13},"end":{"line":65,"column":26}},"33":{"start":{"line":85,"column":26},"end":{"line":93,"column":1}},"34":{"start":{"line":86,"column":4},"end":{"line":86,"column":31}},"35":{"start":{"line":88,"column":4},"end":{"line":91,"column":5}},"36":{"start":{"line":89,"column":8},"end":{"line":89,"column":null}},"37":{"start":{"line":90,"column":8},"end":{"line":90,"column":35}},"38":{"start":{"line":92,"column":4},"end":{"line":92,"column":55}},"39":{"start":{"line":85,"column":13},"end":{"line":85,"column":26}},"40":{"start":{"line":95,"column":26},"end":{"line":98,"column":1}},"41":{"start":{"line":96,"column":4},"end":{"line":96,"column":31}},"42":{"start":{"line":97,"column":4},"end":{"line":97,"column":49}},"43":{"start":{"line":95,"column":13},"end":{"line":95,"column":26}},"44":{"start":{"line":101,"column":25},"end":{"line":107,"column":1}},"45":{"start":{"line":102,"column":17},"end":{"line":102,"column":55}},"46":{"start":{"line":103,"column":4},"end":{"line":105,"column":5}},"47":{"start":{"line":104,"column":8},"end":{"line":104,"column":42}},"48":{"start":{"line":106,"column":4},"end":{"line":106,"column":16}},"49":{"start":{"line":110,"column":25},"end":{"line":148,"column":1}},"50":{"start":{"line":112,"column":17},"end":{"line":112,"column":61}},"51":{"start":{"line":113,"column":4},"end":{"line":115,"column":5}},"52":{"start":{"line":114,"column":8},"end":{"line":114,"column":42}},"53":{"start":{"line":117,"column":20},"end":{"line":117,"column":65}},"54":{"start":{"line":118,"column":4},"end":{"line":120,"column":5}},"55":{"start":{"line":119,"column":8},"end":{"line":119,"column":47}},"56":{"start":{"line":123,"column":20},"end":{"line":129,"column":null}},"57":{"start":{"line":132,"column":19},"end":{"line":132,"column":51}},"58":{"start":{"line":133,"column":4},"end":{"line":133,"column":59}},"59":{"start":{"line":133,"column":17},"end":{"line":133,"column":59}},"60":{"start":{"line":134,"column":18},"end":{"line":134,"column":43}},"61":{"start":{"line":137,"column":4},"end":{"line":147,"column":null}},"62":{"start":{"line":110,"column":13},"end":{"line":110,"column":25}}},"fnMap":{"0":{"name":"(anonymous_10)","decl":{"start":{"line":12,"column":25},"end":{"line":12,"column":30}},"loc":{"start":{"line":12,"column":37},"end":{"line":12,"column":70}}},"1":{"name":"(anonymous_11)","decl":{"start":{"line":13,"column":23},"end":{"line":13,"column":28}},"loc":{"start":{"line":13,"column":45},"end":{"line":13,"column":83}}},"2":{"name":"(anonymous_12)","decl":{"start":{"line":14,"column":26},"end":{"line":14,"column":31}},"loc":{"start":{"line":14,"column":50},"end":{"line":61,"column":1}}},"3":{"name":"(anonymous_13)","decl":{"start":{"line":65,"column":26},"end":{"line":65,"column":31}},"loc":{"start":{"line":65,"column":64},"end":{"line":83,"column":1}}},"4":{"name":"(anonymous_14)","decl":{"start":{"line":85,"column":26},"end":{"line":85,"column":31}},"loc":{"start":{"line":85,"column":65},"end":{"line":93,"column":1}}},"5":{"name":"(anonymous_15)","decl":{"start":{"line":95,"column":26},"end":{"line":95,"column":31}},"loc":{"start":{"line":95,"column":47},"end":{"line":98,"column":1}}},"6":{"name":"(anonymous_16)","decl":{"start":{"line":101,"column":25},"end":{"line":101,"column":30}},"loc":{"start":{"line":101,"column":46},"end":{"line":107,"column":1}}},"7":{"name":"(anonymous_17)","decl":{"start":{"line":110,"column":25},"end":{"line":110,"column":30}},"loc":{"start":{"line":110,"column":67},"end":{"line":148,"column":1}}}},"branchMap":{"0":{"loc":{"start":{"line":16,"column":4},"end":{"line":19,"column":5}},"type":"if","locations":[{"start":{"line":16,"column":4},"end":{"line":19,"column":5}},{"start":{},"end":{}}]},"1":{"loc":{"start":{"line":67,"column":4},"end":{"line":69,"column":5}},"type":"if","locations":[{"start":{"line":67,"column":4},"end":{"line":69,"column":5}},{"start":{},"end":{}}]},"2":{"loc":{"start":{"line":71,"column":4},"end":{"line":73,"column":5}},"type":"if","locations":[{"start":{"line":71,"column":4},"end":{"line":73,"column":5}},{"start":{},"end":{}}]},"3":{"loc":{"start":{"line":88,"column":4},"end":{"line":91,"column":5}},"type":"if","locations":[{"start":{"line":88,"column":4},"end":{"line":91,"column":5}},{"start":{},"end":{}}]},"4":{"loc":{"start":{"line":103,"column":4},"end":{"line":105,"column":5}},"type":"if","locations":[{"start":{"line":103,"column":4},"end":{"line":105,"column":5}},{"start":{},"end":{}}]},"5":{"loc":{"start":{"line":113,"column":4},"end":{"line":115,"column":5}},"type":"if","locations":[{"start":{"line":113,"column":4},"end":{"line":115,"column":5}},{"start":{},"end":{}}]},"6":{"loc":{"start":{"line":118,"column":4},"end":{"line":120,"column":5}},"type":"if","locations":[{"start":{"line":118,"column":4},"end":{"line":120,"column":5}},{"start":{},"end":{}}]},"7":{"loc":{"start":{"line":133,"column":4},"end":{"line":133,"column":59}},"type":"if","locations":[{"start":{"line":133,"column":4},"end":{"line":133,"column":59}},{"start":{},"end":{}}]}},"s":{"0":1,"1":1,"2":1,"3":1,"4":1,"5":1,"6":1,"7":1,"8":1,"9":1,"10":1,"11":0,"12":1,"13":1,"14":1,"15":1,"16":1,"17":1,"18":1,"19":1,"20":1,"21":1,"22":1,"23":1,"24":2,"25":2,"26":0,"27":2,"28":1,"29":1,"30":1,"31":1,"32":1,"33":1,"34":1,"35":1,"36":1,"37":1,"38":1,"39":1,"40":1,"41":1,"42":1,"43":1,"44":1,"45":2,"46":2,"47":0,"48":2,"49":1,"50":2,"51":2,"52":0,"53":2,"54":2,"55":1,"56":1,"57":1,"58":1,"59":0,"60":1,"61":1,"62":1},"f":{"0":1,"1":0,"2":1,"3":2,"4":1,"5":1,"6":2,"7":2},"b":{"0":[1,0],"1":[0,2],"2":[1,1],"3":[1,0],"4":[0,2],"5":[0,2],"6":[1,1],"7":[0,1]}}
}
